[WARN] deprecation HHH90000012: Recognized obsolete hibernate namespace http://hibernate.sourceforge.net/hibernate-configuration. Use namespace http://www.hibernate.org/dtd/hibernate-configuration instead.  Support for obsolete DTD/XSD namespaces may be removed at any time. 
[WARN] pooling HHH10001002: Using Hibernate built-in connection pool (not for production use!) 
[WARN] ExceptionHandlerLoggedImpl GenerationTarget encountered exception accepting command : Error executing DDL "
    drop table breedLookup" via JDBC Statement 
org.hibernate.tool.schema.spi.CommandAcceptanceException: Error executing DDL "
    drop table breedLookup" via JDBC Statement
	at org.hibernate.tool.schema.internal.exec.GenerationTargetToDatabase.accept(GenerationTargetToDatabase.java:67)
	at org.hibernate.tool.schema.internal.SchemaDropperImpl.applySqlString(SchemaDropperImpl.java:375)
	at org.hibernate.tool.schema.internal.SchemaDropperImpl.applySqlStrings(SchemaDropperImpl.java:359)
	at org.hibernate.tool.schema.internal.SchemaDropperImpl.dropFromMetadata(SchemaDropperImpl.java:241)
	at org.hibernate.tool.schema.internal.SchemaDropperImpl.performDrop(SchemaDropperImpl.java:154)
	at org.hibernate.tool.schema.internal.SchemaDropperImpl.doDrop(SchemaDropperImpl.java:126)
	at org.hibernate.tool.schema.internal.SchemaDropperImpl.doDrop(SchemaDropperImpl.java:112)
	at org.hibernate.tool.schema.spi.SchemaManagementToolCoordinator.performDatabaseAction(SchemaManagementToolCoordinator.java:144)
	at org.hibernate.tool.schema.spi.SchemaManagementToolCoordinator.process(SchemaManagementToolCoordinator.java:72)
	at org.hibernate.internal.SessionFactoryImpl.<init>(SessionFactoryImpl.java:310)
	at org.hibernate.boot.internal.SessionFactoryBuilderImpl.build(SessionFactoryBuilderImpl.java:467)
	at example.HibernateUtils.buildSessionFactory(HibernateUtils.java:25)
	at example.HibernateUtils.<clinit>(HibernateUtils.java:10)
	at example.Main.main(Main.java:36)
	at java.base/jdk.internal.reflect.NativeMethodAccessorImpl.invoke0(Native Method)
	at java.base/jdk.internal.reflect.NativeMethodAccessorImpl.invoke(NativeMethodAccessorImpl.java:77)
	at java.base/jdk.internal.reflect.DelegatingMethodAccessorImpl.invoke(DelegatingMethodAccessorImpl.java:43)
	at java.base/java.lang.reflect.Method.invoke(Method.java:568)
	at org.codehaus.mojo.exec.ExecJavaMojo$1.run(ExecJavaMojo.java:282)
	at java.base/java.lang.Thread.run(Thread.java:833)
Caused by: java.sql.SQLException: Cannot drop the table 'breedLookup', because it doesn't exist in the system catalogs.

	at net.sourceforge.jtds.jdbc.SQLDiagnostic.addDiagnostic(SQLDiagnostic.java:372)
	at net.sourceforge.jtds.jdbc.TdsCore.tdsErrorToken(TdsCore.java:2988)
	at net.sourceforge.jtds.jdbc.TdsCore.nextToken(TdsCore.java:2421)
	at net.sourceforge.jtds.jdbc.TdsCore.getMoreResults(TdsCore.java:671)
	at net.sourceforge.jtds.jdbc.JtdsStatement.processResults(JtdsStatement.java:613)
	at net.sourceforge.jtds.jdbc.JtdsStatement.executeSQL(JtdsStatement.java:572)
	at net.sourceforge.jtds.jdbc.JtdsStatement.executeImpl(JtdsStatement.java:809)
	at net.sourceforge.jtds.jdbc.JtdsStatement.execute(JtdsStatement.java:1282)
	at org.hibernate.tool.schema.internal.exec.GenerationTargetToDatabase.accept(GenerationTargetToDatabase.java:54)
	... 19 more
[WARN] ExceptionHandlerLoggedImpl GenerationTarget encountered exception accepting command : Error executing DDL "
    drop table colorLookup" via JDBC Statement 
org.hibernate.tool.schema.spi.CommandAcceptanceException: Error executing DDL "
    drop table colorLookup" via JDBC Statement
	at org.hibernate.tool.schema.internal.exec.GenerationTargetToDatabase.accept(GenerationTargetToDatabase.java:67)
	at org.hibernate.tool.schema.internal.SchemaDropperImpl.applySqlString(SchemaDropperImpl.java:375)
	at org.hibernate.tool.schema.internal.SchemaDropperImpl.applySqlStrings(SchemaDropperImpl.java:359)
	at org.hibernate.tool.schema.internal.SchemaDropperImpl.dropFromMetadata(SchemaDropperImpl.java:241)
	at org.hibernate.tool.schema.internal.SchemaDropperImpl.performDrop(SchemaDropperImpl.java:154)
	at org.hibernate.tool.schema.internal.SchemaDropperImpl.doDrop(SchemaDropperImpl.java:126)
	at org.hibernate.tool.schema.internal.SchemaDropperImpl.doDrop(SchemaDropperImpl.java:112)
	at org.hibernate.tool.schema.spi.SchemaManagementToolCoordinator.performDatabaseAction(SchemaManagementToolCoordinator.java:144)
	at org.hibernate.tool.schema.spi.SchemaManagementToolCoordinator.process(SchemaManagementToolCoordinator.java:72)
	at org.hibernate.internal.SessionFactoryImpl.<init>(SessionFactoryImpl.java:310)
	at org.hibernate.boot.internal.SessionFactoryBuilderImpl.build(SessionFactoryBuilderImpl.java:467)
	at example.HibernateUtils.buildSessionFactory(HibernateUtils.java:25)
	at example.HibernateUtils.<clinit>(HibernateUtils.java:10)
	at example.Main.main(Main.java:36)
	at java.base/jdk.internal.reflect.NativeMethodAccessorImpl.invoke0(Native Method)
	at java.base/jdk.internal.reflect.NativeMethodAccessorImpl.invoke(NativeMethodAccessorImpl.java:77)
	at java.base/jdk.internal.reflect.DelegatingMethodAccessorImpl.invoke(DelegatingMethodAccessorImpl.java:43)
	at java.base/java.lang.reflect.Method.invoke(Method.java:568)
	at org.codehaus.mojo.exec.ExecJavaMojo$1.run(ExecJavaMojo.java:282)
	at java.base/java.lang.Thread.run(Thread.java:833)
Caused by: java.sql.SQLException: Cannot drop the table 'colorLookup', because it doesn't exist in the system catalogs.

	at net.sourceforge.jtds.jdbc.SQLDiagnostic.addDiagnostic(SQLDiagnostic.java:372)
	at net.sourceforge.jtds.jdbc.TdsCore.tdsErrorToken(TdsCore.java:2988)
	at net.sourceforge.jtds.jdbc.TdsCore.nextToken(TdsCore.java:2421)
	at net.sourceforge.jtds.jdbc.TdsCore.getMoreResults(TdsCore.java:671)
	at net.sourceforge.jtds.jdbc.JtdsStatement.processResults(JtdsStatement.java:613)
	at net.sourceforge.jtds.jdbc.JtdsStatement.executeSQL(JtdsStatement.java:572)
	at net.sourceforge.jtds.jdbc.JtdsStatement.executeImpl(JtdsStatement.java:809)
	at net.sourceforge.jtds.jdbc.JtdsStatement.execute(JtdsStatement.java:1282)
	at org.hibernate.tool.schema.internal.exec.GenerationTargetToDatabase.accept(GenerationTargetToDatabase.java:54)
	... 19 more
[WARN] ExceptionHandlerLoggedImpl GenerationTarget encountered exception accepting command : Error executing DDL "
    drop table dog" via JDBC Statement 
org.hibernate.tool.schema.spi.CommandAcceptanceException: Error executing DDL "
    drop table dog" via JDBC Statement
	at org.hibernate.tool.schema.internal.exec.GenerationTargetToDatabase.accept(GenerationTargetToDatabase.java:67)
	at org.hibernate.tool.schema.internal.SchemaDropperImpl.applySqlString(SchemaDropperImpl.java:375)
	at org.hibernate.tool.schema.internal.SchemaDropperImpl.applySqlStrings(SchemaDropperImpl.java:359)
	at org.hibernate.tool.schema.internal.SchemaDropperImpl.dropFromMetadata(SchemaDropperImpl.java:241)
	at org.hibernate.tool.schema.internal.SchemaDropperImpl.performDrop(SchemaDropperImpl.java:154)
	at org.hibernate.tool.schema.internal.SchemaDropperImpl.doDrop(SchemaDropperImpl.java:126)
	at org.hibernate.tool.schema.internal.SchemaDropperImpl.doDrop(SchemaDropperImpl.java:112)
	at org.hibernate.tool.schema.spi.SchemaManagementToolCoordinator.performDatabaseAction(SchemaManagementToolCoordinator.java:144)
	at org.hibernate.tool.schema.spi.SchemaManagementToolCoordinator.process(SchemaManagementToolCoordinator.java:72)
	at org.hibernate.internal.SessionFactoryImpl.<init>(SessionFactoryImpl.java:310)
	at org.hibernate.boot.internal.SessionFactoryBuilderImpl.build(SessionFactoryBuilderImpl.java:467)
	at example.HibernateUtils.buildSessionFactory(HibernateUtils.java:25)
	at example.HibernateUtils.<clinit>(HibernateUtils.java:10)
	at example.Main.main(Main.java:36)
	at java.base/jdk.internal.reflect.NativeMethodAccessorImpl.invoke0(Native Method)
	at java.base/jdk.internal.reflect.NativeMethodAccessorImpl.invoke(NativeMethodAccessorImpl.java:77)
	at java.base/jdk.internal.reflect.DelegatingMethodAccessorImpl.invoke(DelegatingMethodAccessorImpl.java:43)
	at java.base/java.lang.reflect.Method.invoke(Method.java:568)
	at org.codehaus.mojo.exec.ExecJavaMojo$1.run(ExecJavaMojo.java:282)
	at java.base/java.lang.Thread.run(Thread.java:833)
Caused by: java.sql.SQLException: Cannot drop the table 'dog', because it doesn't exist in the system catalogs.

	at net.sourceforge.jtds.jdbc.SQLDiagnostic.addDiagnostic(SQLDiagnostic.java:372)
	at net.sourceforge.jtds.jdbc.TdsCore.tdsErrorToken(TdsCore.java:2988)
	at net.sourceforge.jtds.jdbc.TdsCore.nextToken(TdsCore.java:2421)
	at net.sourceforge.jtds.jdbc.TdsCore.getMoreResults(TdsCore.java:671)
	at net.sourceforge.jtds.jdbc.JtdsStatement.processResults(JtdsStatement.java:613)
	at net.sourceforge.jtds.jdbc.JtdsStatement.executeSQL(JtdsStatement.java:572)
	at net.sourceforge.jtds.jdbc.JtdsStatement.executeImpl(JtdsStatement.java:809)
	at net.sourceforge.jtds.jdbc.JtdsStatement.execute(JtdsStatement.java:1282)
	at org.hibernate.tool.schema.internal.exec.GenerationTargetToDatabase.accept(GenerationTargetToDatabase.java:54)
	... 19 more
[WARN] ExceptionHandlerLoggedImpl GenerationTarget encountered exception accepting command : Error executing DDL "
    drop table dogexpanded" via JDBC Statement 
org.hibernate.tool.schema.spi.CommandAcceptanceException: Error executing DDL "
    drop table dogexpanded" via JDBC Statement
	at org.hibernate.tool.schema.internal.exec.GenerationTargetToDatabase.accept(GenerationTargetToDatabase.java:67)
	at org.hibernate.tool.schema.internal.SchemaDropperImpl.applySqlString(SchemaDropperImpl.java:375)
	at org.hibernate.tool.schema.internal.SchemaDropperImpl.applySqlStrings(SchemaDropperImpl.java:359)
	at org.hibernate.tool.schema.internal.SchemaDropperImpl.dropFromMetadata(SchemaDropperImpl.java:241)
	at org.hibernate.tool.schema.internal.SchemaDropperImpl.performDrop(SchemaDropperImpl.java:154)
	at org.hibernate.tool.schema.internal.SchemaDropperImpl.doDrop(SchemaDropperImpl.java:126)
	at org.hibernate.tool.schema.internal.SchemaDropperImpl.doDrop(SchemaDropperImpl.java:112)
	at org.hibernate.tool.schema.spi.SchemaManagementToolCoordinator.performDatabaseAction(SchemaManagementToolCoordinator.java:144)
	at org.hibernate.tool.schema.spi.SchemaManagementToolCoordinator.process(SchemaManagementToolCoordinator.java:72)
	at org.hibernate.internal.SessionFactoryImpl.<init>(SessionFactoryImpl.java:310)
	at org.hibernate.boot.internal.SessionFactoryBuilderImpl.build(SessionFactoryBuilderImpl.java:467)
	at example.HibernateUtils.buildSessionFactory(HibernateUtils.java:25)
	at example.HibernateUtils.<clinit>(HibernateUtils.java:10)
	at example.Main.main(Main.java:36)
	at java.base/jdk.internal.reflect.NativeMethodAccessorImpl.invoke0(Native Method)
	at java.base/jdk.internal.reflect.NativeMethodAccessorImpl.invoke(NativeMethodAccessorImpl.java:77)
	at java.base/jdk.internal.reflect.DelegatingMethodAccessorImpl.invoke(DelegatingMethodAccessorImpl.java:43)
	at java.base/java.lang.reflect.Method.invoke(Method.java:568)
	at org.codehaus.mojo.exec.ExecJavaMojo$1.run(ExecJavaMojo.java:282)
	at java.base/java.lang.Thread.run(Thread.java:833)
Caused by: java.sql.SQLException: Cannot drop the table 'dogexpanded', because it doesn't exist in the system catalogs.

	at net.sourceforge.jtds.jdbc.SQLDiagnostic.addDiagnostic(SQLDiagnostic.java:372)
	at net.sourceforge.jtds.jdbc.TdsCore.tdsErrorToken(TdsCore.java:2988)
	at net.sourceforge.jtds.jdbc.TdsCore.nextToken(TdsCore.java:2421)
	at net.sourceforge.jtds.jdbc.TdsCore.getMoreResults(TdsCore.java:671)
	at net.sourceforge.jtds.jdbc.JtdsStatement.processResults(JtdsStatement.java:613)
	at net.sourceforge.jtds.jdbc.JtdsStatement.executeSQL(JtdsStatement.java:572)
	at net.sourceforge.jtds.jdbc.JtdsStatement.executeImpl(JtdsStatement.java:809)
	at net.sourceforge.jtds.jdbc.JtdsStatement.execute(JtdsStatement.java:1282)
	at org.hibernate.tool.schema.internal.exec.GenerationTargetToDatabase.accept(GenerationTargetToDatabase.java:54)
	... 19 more
